#! /opt/homebrew/Cellar/icarus-verilog/12.0/bin/vvp
:ivl_version "12.0 (stable)";
:ivl_delay_selection "TYPICAL";
:vpi_time_precision - 12;
:vpi_module "/opt/homebrew/Cellar/icarus-verilog/12.0/lib/ivl/system.vpi";
:vpi_module "/opt/homebrew/Cellar/icarus-verilog/12.0/lib/ivl/vhdl_sys.vpi";
:vpi_module "/opt/homebrew/Cellar/icarus-verilog/12.0/lib/ivl/vhdl_textio.vpi";
:vpi_module "/opt/homebrew/Cellar/icarus-verilog/12.0/lib/ivl/v2005_math.vpi";
:vpi_module "/opt/homebrew/Cellar/icarus-verilog/12.0/lib/ivl/va_math.vpi";
S_0x120f04170 .scope module, "full_adder_tb" "full_adder_tb" 2 3;
 .timescale -9 -12;
v0x120f14c70_0 .var "A", 0 0;
v0x120f14d00_0 .var "B", 0 0;
v0x120f14d90_0 .var "Cin", 0 0;
v0x120f14e60_0 .net "Cout", 0 0, L_0x120f156e0;  1 drivers
v0x120f14f10_0 .net "S", 0 0, L_0x120f15190;  1 drivers
v0x120f14fe0_0 .var "exp_cout", 0 0;
v0x120f15070_0 .var "exp_sum", 0 0;
v0x120f15100_0 .var/i "i", 31 0;
S_0x120f042f0 .scope module, "dut" "full_adder" 2 10, 3 1 0, S_0x120f04170;
 .timescale -9 -12;
    .port_info 0 /INPUT 1 "A";
    .port_info 1 /INPUT 1 "B";
    .port_info 2 /INPUT 1 "Cin";
    .port_info 3 /OUTPUT 1 "Cout";
    .port_info 4 /OUTPUT 1 "S";
L_0x120f15190 .functor XOR 1, v0x120f14c70_0, v0x120f14d00_0, v0x120f14d90_0, C4<0>;
L_0x120f152e0 .functor AND 1, v0x120f14c70_0, v0x120f14d00_0, C4<1>, C4<1>;
L_0x120f15350 .functor AND 1, v0x120f14d90_0, v0x120f14c70_0, C4<1>, C4<1>;
L_0x120f15480 .functor OR 1, L_0x120f152e0, L_0x120f15350, C4<0>, C4<0>;
L_0x120f15570 .functor AND 1, v0x120f14d00_0, v0x120f14d90_0, C4<1>, C4<1>;
L_0x120f156e0 .functor OR 1, L_0x120f15480, L_0x120f15570, C4<0>, C4<0>;
v0x120f04570_0 .net "A", 0 0, v0x120f14c70_0;  1 drivers
v0x120f14620_0 .net "B", 0 0, v0x120f14d00_0;  1 drivers
v0x120f146c0_0 .net "Cin", 0 0, v0x120f14d90_0;  1 drivers
v0x120f14750_0 .net "Cout", 0 0, L_0x120f156e0;  alias, 1 drivers
v0x120f147f0_0 .net "S", 0 0, L_0x120f15190;  alias, 1 drivers
v0x120f148d0_0 .net *"_ivl_0", 0 0, L_0x120f152e0;  1 drivers
v0x120f14980_0 .net *"_ivl_2", 0 0, L_0x120f15350;  1 drivers
v0x120f14a30_0 .net *"_ivl_4", 0 0, L_0x120f15480;  1 drivers
v0x120f14ae0_0 .net *"_ivl_6", 0 0, L_0x120f15570;  1 drivers
    .scope S_0x120f04170;
T_0 ;
    %pushi/vec4 0, 0, 32;
    %store/vec4 v0x120f15100_0, 0, 32;
T_0.0 ;
    %load/vec4 v0x120f15100_0;
    %cmpi/s 8, 0, 32;
    %jmp/0xz T_0.1, 5;
    %load/vec4 v0x120f15100_0;
    %parti/s 3, 0, 2;
    %split/vec4 1;
    %store/vec4 v0x120f14d90_0, 0, 1;
    %split/vec4 1;
    %store/vec4 v0x120f14d00_0, 0, 1;
    %store/vec4 v0x120f14c70_0, 0, 1;
    %delay 1000, 0;
    %load/vec4 v0x120f14c70_0;
    %load/vec4 v0x120f14d00_0;
    %xor;
    %load/vec4 v0x120f14d90_0;
    %xor;
    %store/vec4 v0x120f15070_0, 0, 1;
    %load/vec4 v0x120f14c70_0;
    %load/vec4 v0x120f14d00_0;
    %and;
    %load/vec4 v0x120f14c70_0;
    %load/vec4 v0x120f14d90_0;
    %and;
    %or;
    %load/vec4 v0x120f14d00_0;
    %load/vec4 v0x120f14d90_0;
    %and;
    %or;
    %store/vec4 v0x120f14fe0_0, 0, 1;
    %load/vec4 v0x120f14f10_0;
    %load/vec4 v0x120f15070_0;
    %cmp/ne;
    %jmp/1 T_0.4, 6;
    %flag_mov 8, 6;
    %load/vec4 v0x120f14e60_0;
    %load/vec4 v0x120f14fe0_0;
    %cmp/ne;
    %flag_or 6, 8;
T_0.4;
    %jmp/0xz  T_0.2, 6;
    %vpi_call 2 29 "$display", "FAIL: A=%b B=%b Cin=%b => S=%b Cout=%b (expected S=%b Cout=%b)", v0x120f14c70_0, v0x120f14d00_0, v0x120f14d90_0, v0x120f14f10_0, v0x120f14e60_0, v0x120f15070_0, v0x120f14fe0_0 {0 0 0};
    %vpi_call 2 31 "$fatal" {0 0 0};
T_0.2 ;
    %load/vec4 v0x120f15100_0;
    %addi 1, 0, 32;
    %store/vec4 v0x120f15100_0, 0, 32;
    %jmp T_0.0;
T_0.1 ;
    %vpi_call 2 35 "$display", "PASS: full_adder all vectors OK" {0 0 0};
    %vpi_call 2 36 "$finish" {0 0 0};
    %end;
    .thread T_0;
# The file index is used to find the file name in the following table.
:file_names 4;
    "N/A";
    "<interactive>";
    "full_adder_tb.v";
    "full_adder.v";
